
[0m[2m[35m$[0m [2m[1mtsdown[0m
[34mℹ[39m tsdown [2mv0.20.3[22m powered by rolldown [2mv1.0.0-rc.3[22m
[34mℹ[39m config file: [4m/Users/dinq/Code/iamdin/bun-build/rust-daemon/packages/pty-daemon/tsdown.config.ts[24m 
[34mℹ[39m entry: [34msrc/index.ts[39m
[34mℹ[39m target: [34mnode18[39m
[34mℹ[39m tsconfig: [34mtsconfig.json[39m
[34mℹ[39m Build start
[34mℹ[39m Cleaning 7 files
[34mℹ[39m [33m[CJS][39m [2mdist/[22m[1mindex.cjs[22m  [2m15.32 kB[22m [2m│ gzip: 4.20 kB[22m
[34mℹ[39m [33m[CJS][39m 1 files, total: 15.32 kB
[34mℹ[39m [33m[CJS][39m [2mdist/[22mindex.d.cts.map  [2m4.16 kB[22m [2m│ gzip: 1.15 kB[22m
[34mℹ[39m [33m[CJS][39m [2mdist/[22m[32m[1mindex.d.cts[22m[39m      [2m7.48 kB[22m [2m│ gzip: 1.97 kB[22m
[34mℹ[39m [33m[CJS][39m 2 files, total: 11.63 kB
[32m✔[39m Build complete in [32m695ms[39m
[34mℹ[39m [34m[ESM][39m [2mdist/[22m[1mindex.mjs[22m        [2m13.51 kB[22m [2m│ gzip: 3.63 kB[22m
[34mℹ[39m [34m[ESM][39m [2mdist/[22mindex.mjs.map    [2m31.55 kB[22m [2m│ gzip: 7.98 kB[22m
[34mℹ[39m [34m[ESM][39m [2mdist/[22mindex.d.mts.map  [2m 4.16 kB[22m [2m│ gzip: 1.15 kB[22m
[34mℹ[39m [34m[ESM][39m [2mdist/[22m[32m[1mindex.d.mts[22m[39m      [2m 7.48 kB[22m [2m│ gzip: 1.97 kB[22m
[34mℹ[39m [34m[ESM][39m 4 files, total: 56.70 kB
[32m✔[39m Build complete in [32m699ms[39m
